[0.053s] Invoking command in '/home/moses/Moses/Research/Current/Institute of Science Tokyo/acoustic-robotics/Acoustic-Guided Robot Navigation Active Search and Localization of Occluded Objects in Indoor Environments/ros2_ws/build/acoustic_nav_bringup': CMAKE_PREFIX_PATH=/opt/ros/humble /usr/bin/cmake /home/moses/Moses/Research/Current/Institute of Science Tokyo/acoustic-robotics/Acoustic-Guided Robot Navigation Active Search and Localization of Occluded Objects in Indoor Environments/ros2_ws/src/acoustic_nav_bringup -DCMAKE_INSTALL_PREFIX=/home/moses/Moses/Research/Current/Institute of Science Tokyo/acoustic-robotics/Acoustic-Guided Robot Navigation Active Search and Localization of Occluded Objects in Indoor Environments/ros2_ws/install/acoustic_nav_bringup
[1.305s] -- The C compiler identification is Clang 18.1.8
[1.552s] -- The CXX compiler identification is Clang 18.1.8
[1.565s] -- Detecting C compiler ABI info
[1.783s] -- Detecting C compiler ABI info - done
[1.797s] -- Check for working C compiler: /usr/bin/clang-18 - skipped
[1.799s] -- Detecting C compile features
[1.800s] -- Detecting C compile features - done
[1.807s] -- Detecting CXX compiler ABI info
[2.139s] -- Detecting CXX compiler ABI info - done
[2.159s] -- Check for working CXX compiler: /usr/bin/clang++-18 - skipped
[2.160s] -- Detecting CXX compile features
[2.162s] -- Detecting CXX compile features - done
[2.169s] -- Found ament_cmake: 1.3.11 (/opt/ros/humble/share/ament_cmake/cmake)
[2.570s] -- Found Python3: /usr/bin/python3 (found version "3.10.12") found components: Interpreter 
[2.840s] -- Found ament_lint_auto: 0.12.12 (/opt/ros/humble/share/ament_lint_auto/cmake)
[2.979s] -- Added test 'lint_cmake' to check CMake code style
[2.981s] -- Added test 'xmllint' to check XML markup files
[2.983s] -- Configuring done
[2.989s] -- Generating done
[2.994s] -- Build files have been written to: /home/moses/Moses/Research/Current/Institute of Science Tokyo/acoustic-robotics/Acoustic-Guided Robot Navigation Active Search and Localization of Occluded Objects in Indoor Environments/ros2_ws/build/acoustic_nav_bringup
[3.004s] Invoked command in '/home/moses/Moses/Research/Current/Institute of Science Tokyo/acoustic-robotics/Acoustic-Guided Robot Navigation Active Search and Localization of Occluded Objects in Indoor Environments/ros2_ws/build/acoustic_nav_bringup' returned '0': CMAKE_PREFIX_PATH=/opt/ros/humble /usr/bin/cmake /home/moses/Moses/Research/Current/Institute of Science Tokyo/acoustic-robotics/Acoustic-Guided Robot Navigation Active Search and Localization of Occluded Objects in Indoor Environments/ros2_ws/src/acoustic_nav_bringup -DCMAKE_INSTALL_PREFIX=/home/moses/Moses/Research/Current/Institute of Science Tokyo/acoustic-robotics/Acoustic-Guided Robot Navigation Active Search and Localization of Occluded Objects in Indoor Environments/ros2_ws/install/acoustic_nav_bringup
[3.009s] Invoking command in '/home/moses/Moses/Research/Current/Institute of Science Tokyo/acoustic-robotics/Acoustic-Guided Robot Navigation Active Search and Localization of Occluded Objects in Indoor Environments/ros2_ws/build/acoustic_nav_bringup': CMAKE_PREFIX_PATH=/opt/ros/humble /usr/bin/cmake --build /home/moses/Moses/Research/Current/Institute of Science Tokyo/acoustic-robotics/Acoustic-Guided Robot Navigation Active Search and Localization of Occluded Objects in Indoor Environments/ros2_ws/build/acoustic_nav_bringup -- -j20 -l20
[3.083s] Invoked command in '/home/moses/Moses/Research/Current/Institute of Science Tokyo/acoustic-robotics/Acoustic-Guided Robot Navigation Active Search and Localization of Occluded Objects in Indoor Environments/ros2_ws/build/acoustic_nav_bringup' returned '0': CMAKE_PREFIX_PATH=/opt/ros/humble /usr/bin/cmake --build /home/moses/Moses/Research/Current/Institute of Science Tokyo/acoustic-robotics/Acoustic-Guided Robot Navigation Active Search and Localization of Occluded Objects in Indoor Environments/ros2_ws/build/acoustic_nav_bringup -- -j20 -l20
[3.086s] Invoking command in '/home/moses/Moses/Research/Current/Institute of Science Tokyo/acoustic-robotics/Acoustic-Guided Robot Navigation Active Search and Localization of Occluded Objects in Indoor Environments/ros2_ws/build/acoustic_nav_bringup': CMAKE_PREFIX_PATH=/opt/ros/humble /usr/bin/cmake --install /home/moses/Moses/Research/Current/Institute of Science Tokyo/acoustic-robotics/Acoustic-Guided Robot Navigation Active Search and Localization of Occluded Objects in Indoor Environments/ros2_ws/build/acoustic_nav_bringup
[3.105s] -- Install configuration: ""
[3.106s] -- Installing: /home/moses/Moses/Research/Current/Institute of Science Tokyo/acoustic-robotics/Acoustic-Guided Robot Navigation Active Search and Localization of Occluded Objects in Indoor Environments/ros2_ws/install/acoustic_nav_bringup/share/ament_index/resource_index/package_run_dependencies/acoustic_nav_bringup
[3.106s] -- Installing: /home/moses/Moses/Research/Current/Institute of Science Tokyo/acoustic-robotics/Acoustic-Guided Robot Navigation Active Search and Localization of Occluded Objects in Indoor Environments/ros2_ws/install/acoustic_nav_bringup/share/ament_index/resource_index/parent_prefix_path/acoustic_nav_bringup
[3.106s] -- Installing: /home/moses/Moses/Research/Current/Institute of Science Tokyo/acoustic-robotics/Acoustic-Guided Robot Navigation Active Search and Localization of Occluded Objects in Indoor Environments/ros2_ws/install/acoustic_nav_bringup/share/acoustic_nav_bringup/environment/ament_prefix_path.sh
[3.107s] -- Installing: /home/moses/Moses/Research/Current/Institute of Science Tokyo/acoustic-robotics/Acoustic-Guided Robot Navigation Active Search and Localization of Occluded Objects in Indoor Environments/ros2_ws/install/acoustic_nav_bringup/share/acoustic_nav_bringup/environment/ament_prefix_path.dsv
[3.107s] -- Installing: /home/moses/Moses/Research/Current/Institute of Science Tokyo/acoustic-robotics/Acoustic-Guided Robot Navigation Active Search and Localization of Occluded Objects in Indoor Environments/ros2_ws/install/acoustic_nav_bringup/share/acoustic_nav_bringup/environment/path.sh
[3.108s] -- Installing: /home/moses/Moses/Research/Current/Institute of Science Tokyo/acoustic-robotics/Acoustic-Guided Robot Navigation Active Search and Localization of Occluded Objects in Indoor Environments/ros2_ws/install/acoustic_nav_bringup/share/acoustic_nav_bringup/environment/path.dsv
[3.108s] -- Installing: /home/moses/Moses/Research/Current/Institute of Science Tokyo/acoustic-robotics/Acoustic-Guided Robot Navigation Active Search and Localization of Occluded Objects in Indoor Environments/ros2_ws/install/acoustic_nav_bringup/share/acoustic_nav_bringup/local_setup.bash
[3.108s] -- Installing: /home/moses/Moses/Research/Current/Institute of Science Tokyo/acoustic-robotics/Acoustic-Guided Robot Navigation Active Search and Localization of Occluded Objects in Indoor Environments/ros2_ws/install/acoustic_nav_bringup/share/acoustic_nav_bringup/local_setup.sh
[3.108s] -- Installing: /home/moses/Moses/Research/Current/Institute of Science Tokyo/acoustic-robotics/Acoustic-Guided Robot Navigation Active Search and Localization of Occluded Objects in Indoor Environments/ros2_ws/install/acoustic_nav_bringup/share/acoustic_nav_bringup/local_setup.zsh
[3.108s] -- Installing: /home/moses/Moses/Research/Current/Institute of Science Tokyo/acoustic-robotics/Acoustic-Guided Robot Navigation Active Search and Localization of Occluded Objects in Indoor Environments/ros2_ws/install/acoustic_nav_bringup/share/acoustic_nav_bringup/local_setup.dsv
[3.108s] -- Installing: /home/moses/Moses/Research/Current/Institute of Science Tokyo/acoustic-robotics/Acoustic-Guided Robot Navigation Active Search and Localization of Occluded Objects in Indoor Environments/ros2_ws/install/acoustic_nav_bringup/share/acoustic_nav_bringup/package.dsv
[3.108s] -- Installing: /home/moses/Moses/Research/Current/Institute of Science Tokyo/acoustic-robotics/Acoustic-Guided Robot Navigation Active Search and Localization of Occluded Objects in Indoor Environments/ros2_ws/install/acoustic_nav_bringup/share/ament_index/resource_index/packages/acoustic_nav_bringup
[3.108s] -- Installing: /home/moses/Moses/Research/Current/Institute of Science Tokyo/acoustic-robotics/Acoustic-Guided Robot Navigation Active Search and Localization of Occluded Objects in Indoor Environments/ros2_ws/install/acoustic_nav_bringup/share/acoustic_nav_bringup/cmake/acoustic_nav_bringupConfig.cmake
[3.108s] -- Installing: /home/moses/Moses/Research/Current/Institute of Science Tokyo/acoustic-robotics/Acoustic-Guided Robot Navigation Active Search and Localization of Occluded Objects in Indoor Environments/ros2_ws/install/acoustic_nav_bringup/share/acoustic_nav_bringup/cmake/acoustic_nav_bringupConfig-version.cmake
[3.108s] -- Installing: /home/moses/Moses/Research/Current/Institute of Science Tokyo/acoustic-robotics/Acoustic-Guided Robot Navigation Active Search and Localization of Occluded Objects in Indoor Environments/ros2_ws/install/acoustic_nav_bringup/share/acoustic_nav_bringup/package.xml
[3.154s] Invoked command in '/home/moses/Moses/Research/Current/Institute of Science Tokyo/acoustic-robotics/Acoustic-Guided Robot Navigation Active Search and Localization of Occluded Objects in Indoor Environments/ros2_ws/build/acoustic_nav_bringup' returned '0': CMAKE_PREFIX_PATH=/opt/ros/humble /usr/bin/cmake --install /home/moses/Moses/Research/Current/Institute of Science Tokyo/acoustic-robotics/Acoustic-Guided Robot Navigation Active Search and Localization of Occluded Objects in Indoor Environments/ros2_ws/build/acoustic_nav_bringup
