-- The C compiler identification is Clang 18.1.8
-- The CXX compiler identification is Clang 18.1.8
-- Detecting C compiler ABI info
-- Detecting C compiler ABI info - done
-- Check for working C compiler: /usr/bin/clang-18 - skipped
-- Detecting C compile features
-- Detecting C compile features - done
-- Detecting CXX compiler ABI info
-- Detecting CXX compiler ABI info - done
-- Check for working CXX compiler: /usr/bin/clang++-18 - skipped
-- Detecting CXX compile features
-- Detecting CXX compile features - done
-- Found ament_cmake: 1.3.11 (/opt/ros/humble/share/ament_cmake/cmake)
-- Found Python3: /usr/bin/python3 (found version "3.10.12") found components: Interpreter 
-- Found ament_lint_auto: 0.12.12 (/opt/ros/humble/share/ament_lint_auto/cmake)
-- Added test 'lint_cmake' to check CMake code style
-- Added test 'xmllint' to check XML markup files
-- Configuring done
-- Generating done
-- Build files have been written to: /home/moses/Moses/Research/Current/Institute of Science Tokyo/acoustic-robotics/Acoustic-Guided Robot Navigation Active Search and Localization of Occluded Objects in Indoor Environments/ros2_ws/build/belief_mapping
-- Install configuration: ""
-- Installing: /home/moses/Moses/Research/Current/Institute of Science Tokyo/acoustic-robotics/Acoustic-Guided Robot Navigation Active Search and Localization of Occluded Objects in Indoor Environments/ros2_ws/install/belief_mapping/share/ament_index/resource_index/package_run_dependencies/belief_mapping
-- Installing: /home/moses/Moses/Research/Current/Institute of Science Tokyo/acoustic-robotics/Acoustic-Guided Robot Navigation Active Search and Localization of Occluded Objects in Indoor Environments/ros2_ws/install/belief_mapping/share/ament_index/resource_index/parent_prefix_path/belief_mapping
-- Installing: /home/moses/Moses/Research/Current/Institute of Science Tokyo/acoustic-robotics/Acoustic-Guided Robot Navigation Active Search and Localization of Occluded Objects in Indoor Environments/ros2_ws/install/belief_mapping/share/belief_mapping/environment/ament_prefix_path.sh
-- Installing: /home/moses/Moses/Research/Current/Institute of Science Tokyo/acoustic-robotics/Acoustic-Guided Robot Navigation Active Search and Localization of Occluded Objects in Indoor Environments/ros2_ws/install/belief_mapping/share/belief_mapping/environment/ament_prefix_path.dsv
-- Installing: /home/moses/Moses/Research/Current/Institute of Science Tokyo/acoustic-robotics/Acoustic-Guided Robot Navigation Active Search and Localization of Occluded Objects in Indoor Environments/ros2_ws/install/belief_mapping/share/belief_mapping/environment/path.sh
-- Installing: /home/moses/Moses/Research/Current/Institute of Science Tokyo/acoustic-robotics/Acoustic-Guided Robot Navigation Active Search and Localization of Occluded Objects in Indoor Environments/ros2_ws/install/belief_mapping/share/belief_mapping/environment/path.dsv
-- Installing: /home/moses/Moses/Research/Current/Institute of Science Tokyo/acoustic-robotics/Acoustic-Guided Robot Navigation Active Search and Localization of Occluded Objects in Indoor Environments/ros2_ws/install/belief_mapping/share/belief_mapping/local_setup.bash
-- Installing: /home/moses/Moses/Research/Current/Institute of Science Tokyo/acoustic-robotics/Acoustic-Guided Robot Navigation Active Search and Localization of Occluded Objects in Indoor Environments/ros2_ws/install/belief_mapping/share/belief_mapping/local_setup.sh
-- Installing: /home/moses/Moses/Research/Current/Institute of Science Tokyo/acoustic-robotics/Acoustic-Guided Robot Navigation Active Search and Localization of Occluded Objects in Indoor Environments/ros2_ws/install/belief_mapping/share/belief_mapping/local_setup.zsh
-- Installing: /home/moses/Moses/Research/Current/Institute of Science Tokyo/acoustic-robotics/Acoustic-Guided Robot Navigation Active Search and Localization of Occluded Objects in Indoor Environments/ros2_ws/install/belief_mapping/share/belief_mapping/local_setup.dsv
-- Installing: /home/moses/Moses/Research/Current/Institute of Science Tokyo/acoustic-robotics/Acoustic-Guided Robot Navigation Active Search and Localization of Occluded Objects in Indoor Environments/ros2_ws/install/belief_mapping/share/belief_mapping/package.dsv
-- Installing: /home/moses/Moses/Research/Current/Institute of Science Tokyo/acoustic-robotics/Acoustic-Guided Robot Navigation Active Search and Localization of Occluded Objects in Indoor Environments/ros2_ws/install/belief_mapping/share/ament_index/resource_index/packages/belief_mapping
-- Installing: /home/moses/Moses/Research/Current/Institute of Science Tokyo/acoustic-robotics/Acoustic-Guided Robot Navigation Active Search and Localization of Occluded Objects in Indoor Environments/ros2_ws/install/belief_mapping/share/belief_mapping/cmake/belief_mappingConfig.cmake
-- Installing: /home/moses/Moses/Research/Current/Institute of Science Tokyo/acoustic-robotics/Acoustic-Guided Robot Navigation Active Search and Localization of Occluded Objects in Indoor Environments/ros2_ws/install/belief_mapping/share/belief_mapping/cmake/belief_mappingConfig-version.cmake
-- Installing: /home/moses/Moses/Research/Current/Institute of Science Tokyo/acoustic-robotics/Acoustic-Guided Robot Navigation Active Search and Localization of Occluded Objects in Indoor Environments/ros2_ws/install/belief_mapping/share/belief_mapping/package.xml
