[0.047s] Invoking command in '/home/moses/Moses/Research/Current/Institute of Science Tokyo/acoustic-robotics/Acoustic-Guided Robot Navigation Active Search and Localization of Occluded Objects in Indoor Environments/ros2_ws/build/acoustic_perception': CMAKE_PREFIX_PATH=/opt/ros/humble /usr/bin/cmake /home/moses/Moses/Research/Current/Institute of Science Tokyo/acoustic-robotics/Acoustic-Guided Robot Navigation Active Search and Localization of Occluded Objects in Indoor Environments/ros2_ws/src/acoustic_perception -DCMAKE_INSTALL_PREFIX=/home/moses/Moses/Research/Current/Institute of Science Tokyo/acoustic-robotics/Acoustic-Guided Robot Navigation Active Search and Localization of Occluded Objects in Indoor Environments/ros2_ws/install/acoustic_perception
[1.291s] -- The C compiler identification is Clang 18.1.8
[1.532s] -- The CXX compiler identification is Clang 18.1.8
[1.551s] -- Detecting C compiler ABI info
[1.785s] -- Detecting C compiler ABI info - done
[1.795s] -- Check for working C compiler: /usr/bin/clang-18 - skipped
[1.796s] -- Detecting C compile features
[1.797s] -- Detecting C compile features - done
[1.804s] -- Detecting CXX compiler ABI info
[2.105s] -- Detecting CXX compiler ABI info - done
[2.128s] -- Check for working CXX compiler: /usr/bin/clang++-18 - skipped
[2.129s] -- Detecting CXX compile features
[2.130s] -- Detecting CXX compile features - done
[2.145s] -- Found ament_cmake: 1.3.11 (/opt/ros/humble/share/ament_cmake/cmake)
[2.514s] -- Found Python3: /usr/bin/python3 (found version "3.10.12") found components: Interpreter 
[2.825s] -- Found ament_lint_auto: 0.12.12 (/opt/ros/humble/share/ament_lint_auto/cmake)
[2.964s] -- Added test 'lint_cmake' to check CMake code style
[2.965s] -- Added test 'xmllint' to check XML markup files
[2.967s] -- Configuring done
[2.971s] -- Generating done
[2.974s] -- Build files have been written to: /home/moses/Moses/Research/Current/Institute of Science Tokyo/acoustic-robotics/Acoustic-Guided Robot Navigation Active Search and Localization of Occluded Objects in Indoor Environments/ros2_ws/build/acoustic_perception
[2.980s] Invoked command in '/home/moses/Moses/Research/Current/Institute of Science Tokyo/acoustic-robotics/Acoustic-Guided Robot Navigation Active Search and Localization of Occluded Objects in Indoor Environments/ros2_ws/build/acoustic_perception' returned '0': CMAKE_PREFIX_PATH=/opt/ros/humble /usr/bin/cmake /home/moses/Moses/Research/Current/Institute of Science Tokyo/acoustic-robotics/Acoustic-Guided Robot Navigation Active Search and Localization of Occluded Objects in Indoor Environments/ros2_ws/src/acoustic_perception -DCMAKE_INSTALL_PREFIX=/home/moses/Moses/Research/Current/Institute of Science Tokyo/acoustic-robotics/Acoustic-Guided Robot Navigation Active Search and Localization of Occluded Objects in Indoor Environments/ros2_ws/install/acoustic_perception
[2.983s] Invoking command in '/home/moses/Moses/Research/Current/Institute of Science Tokyo/acoustic-robotics/Acoustic-Guided Robot Navigation Active Search and Localization of Occluded Objects in Indoor Environments/ros2_ws/build/acoustic_perception': CMAKE_PREFIX_PATH=/opt/ros/humble /usr/bin/cmake --build /home/moses/Moses/Research/Current/Institute of Science Tokyo/acoustic-robotics/Acoustic-Guided Robot Navigation Active Search and Localization of Occluded Objects in Indoor Environments/ros2_ws/build/acoustic_perception -- -j20 -l20
[3.048s] Invoked command in '/home/moses/Moses/Research/Current/Institute of Science Tokyo/acoustic-robotics/Acoustic-Guided Robot Navigation Active Search and Localization of Occluded Objects in Indoor Environments/ros2_ws/build/acoustic_perception' returned '0': CMAKE_PREFIX_PATH=/opt/ros/humble /usr/bin/cmake --build /home/moses/Moses/Research/Current/Institute of Science Tokyo/acoustic-robotics/Acoustic-Guided Robot Navigation Active Search and Localization of Occluded Objects in Indoor Environments/ros2_ws/build/acoustic_perception -- -j20 -l20
[3.058s] Invoking command in '/home/moses/Moses/Research/Current/Institute of Science Tokyo/acoustic-robotics/Acoustic-Guided Robot Navigation Active Search and Localization of Occluded Objects in Indoor Environments/ros2_ws/build/acoustic_perception': CMAKE_PREFIX_PATH=/opt/ros/humble /usr/bin/cmake --install /home/moses/Moses/Research/Current/Institute of Science Tokyo/acoustic-robotics/Acoustic-Guided Robot Navigation Active Search and Localization of Occluded Objects in Indoor Environments/ros2_ws/build/acoustic_perception
[3.073s] -- Install configuration: ""
[3.075s] -- Installing: /home/moses/Moses/Research/Current/Institute of Science Tokyo/acoustic-robotics/Acoustic-Guided Robot Navigation Active Search and Localization of Occluded Objects in Indoor Environments/ros2_ws/install/acoustic_perception/share/ament_index/resource_index/package_run_dependencies/acoustic_perception
[3.076s] -- Installing: /home/moses/Moses/Research/Current/Institute of Science Tokyo/acoustic-robotics/Acoustic-Guided Robot Navigation Active Search and Localization of Occluded Objects in Indoor Environments/ros2_ws/install/acoustic_perception/share/ament_index/resource_index/parent_prefix_path/acoustic_perception
[3.076s] -- Installing: /home/moses/Moses/Research/Current/Institute of Science Tokyo/acoustic-robotics/Acoustic-Guided Robot Navigation Active Search and Localization of Occluded Objects in Indoor Environments/ros2_ws/install/acoustic_perception/share/acoustic_perception/environment/ament_prefix_path.sh
[3.076s] -- Installing: /home/moses/Moses/Research/Current/Institute of Science Tokyo/acoustic-robotics/Acoustic-Guided Robot Navigation Active Search and Localization of Occluded Objects in Indoor Environments/ros2_ws/install/acoustic_perception/share/acoustic_perception/environment/ament_prefix_path.dsv
[3.076s] -- Installing: /home/moses/Moses/Research/Current/Institute of Science Tokyo/acoustic-robotics/Acoustic-Guided Robot Navigation Active Search and Localization of Occluded Objects in Indoor Environments/ros2_ws/install/acoustic_perception/share/acoustic_perception/environment/path.sh
[3.076s] -- Installing: /home/moses/Moses/Research/Current/Institute of Science Tokyo/acoustic-robotics/Acoustic-Guided Robot Navigation Active Search and Localization of Occluded Objects in Indoor Environments/ros2_ws/install/acoustic_perception/share/acoustic_perception/environment/path.dsv
[3.076s] -- Installing: /home/moses/Moses/Research/Current/Institute of Science Tokyo/acoustic-robotics/Acoustic-Guided Robot Navigation Active Search and Localization of Occluded Objects in Indoor Environments/ros2_ws/install/acoustic_perception/share/acoustic_perception/local_setup.bash
[3.078s] -- Installing: /home/moses/Moses/Research/Current/Institute of Science Tokyo/acoustic-robotics/Acoustic-Guided Robot Navigation Active Search and Localization of Occluded Objects in Indoor Environments/ros2_ws/install/acoustic_perception/share/acoustic_perception/local_setup.sh
[3.079s] -- Installing: /home/moses/Moses/Research/Current/Institute of Science Tokyo/acoustic-robotics/Acoustic-Guided Robot Navigation Active Search and Localization of Occluded Objects in Indoor Environments/ros2_ws/install/acoustic_perception/share/acoustic_perception/local_setup.zsh
[3.079s] -- Installing: /home/moses/Moses/Research/Current/Institute of Science Tokyo/acoustic-robotics/Acoustic-Guided Robot Navigation Active Search and Localization of Occluded Objects in Indoor Environments/ros2_ws/install/acoustic_perception/share/acoustic_perception/local_setup.dsv
[3.079s] -- Installing: /home/moses/Moses/Research/Current/Institute of Science Tokyo/acoustic-robotics/Acoustic-Guided Robot Navigation Active Search and Localization of Occluded Objects in Indoor Environments/ros2_ws/install/acoustic_perception/share/acoustic_perception/package.dsv
[3.080s] -- Installing: /home/moses/Moses/Research/Current/Institute of Science Tokyo/acoustic-robotics/Acoustic-Guided Robot Navigation Active Search and Localization of Occluded Objects in Indoor Environments/ros2_ws/install/acoustic_perception/share/ament_index/resource_index/packages/acoustic_perception
[3.081s] -- Installing: /home/moses/Moses/Research/Current/Institute of Science Tokyo/acoustic-robotics/Acoustic-Guided Robot Navigation Active Search and Localization of Occluded Objects in Indoor Environments/ros2_ws/install/acoustic_perception/share/acoustic_perception/cmake/acoustic_perceptionConfig.cmake
[3.082s] -- Installing: /home/moses/Moses/Research/Current/Institute of Science Tokyo/acoustic-robotics/Acoustic-Guided Robot Navigation Active Search and Localization of Occluded Objects in Indoor Environments/ros2_ws/install/acoustic_perception/share/acoustic_perception/cmake/acoustic_perceptionConfig-version.cmake
[3.083s] -- Installing: /home/moses/Moses/Research/Current/Institute of Science Tokyo/acoustic-robotics/Acoustic-Guided Robot Navigation Active Search and Localization of Occluded Objects in Indoor Environments/ros2_ws/install/acoustic_perception/share/acoustic_perception/package.xml
[3.118s] Invoked command in '/home/moses/Moses/Research/Current/Institute of Science Tokyo/acoustic-robotics/Acoustic-Guided Robot Navigation Active Search and Localization of Occluded Objects in Indoor Environments/ros2_ws/build/acoustic_perception' returned '0': CMAKE_PREFIX_PATH=/opt/ros/humble /usr/bin/cmake --install /home/moses/Moses/Research/Current/Institute of Science Tokyo/acoustic-robotics/Acoustic-Guided Robot Navigation Active Search and Localization of Occluded Objects in Indoor Environments/ros2_ws/build/acoustic_perception
