[0.056s] Invoking command in '/home/moses/Moses/Research/Current/Institute of Science Tokyo/acoustic-robotics/Acoustic-Guided Robot Navigation Active Search and Localization of Occluded Objects in Indoor Environments/ros2_ws/build/acoustic_msgs': CMAKE_PREFIX_PATH=/opt/ros/humble /usr/bin/cmake /home/moses/Moses/Research/Current/Institute of Science Tokyo/acoustic-robotics/Acoustic-Guided Robot Navigation Active Search and Localization of Occluded Objects in Indoor Environments/ros2_ws/src/acoustic_msgs -DCMAKE_INSTALL_PREFIX=/home/moses/Moses/Research/Current/Institute of Science Tokyo/acoustic-robotics/Acoustic-Guided Robot Navigation Active Search and Localization of Occluded Objects in Indoor Environments/ros2_ws/install/acoustic_msgs
[1.318s] -- The C compiler identification is Clang 18.1.8
[1.556s] -- The CXX compiler identification is Clang 18.1.8
[1.577s] -- Detecting C compiler ABI info
[1.795s] -- Detecting C compiler ABI info - done
[1.808s] -- Check for working C compiler: /usr/bin/clang-18 - skipped
[1.810s] -- Detecting C compile features
[1.813s] -- Detecting C compile features - done
[1.820s] -- Detecting CXX compiler ABI info
[2.149s] -- Detecting CXX compiler ABI info - done
[2.162s] -- Check for working CXX compiler: /usr/bin/clang++-18 - skipped
[2.162s] -- Detecting CXX compile features
[2.163s] -- Detecting CXX compile features - done
[2.172s] -- Found ament_cmake: 1.3.11 (/opt/ros/humble/share/ament_cmake/cmake)
[2.557s] -- Found Python3: /usr/bin/python3 (found version "3.10.12") found components: Interpreter 
[2.874s] -- Found ament_lint_auto: 0.12.12 (/opt/ros/humble/share/ament_lint_auto/cmake)
[2.993s] -- Added test 'lint_cmake' to check CMake code style
[2.995s] -- Added test 'xmllint' to check XML markup files
[2.998s] -- Configuring done
[3.004s] -- Generating done
[3.009s] -- Build files have been written to: /home/moses/Moses/Research/Current/Institute of Science Tokyo/acoustic-robotics/Acoustic-Guided Robot Navigation Active Search and Localization of Occluded Objects in Indoor Environments/ros2_ws/build/acoustic_msgs
[3.022s] Invoked command in '/home/moses/Moses/Research/Current/Institute of Science Tokyo/acoustic-robotics/Acoustic-Guided Robot Navigation Active Search and Localization of Occluded Objects in Indoor Environments/ros2_ws/build/acoustic_msgs' returned '0': CMAKE_PREFIX_PATH=/opt/ros/humble /usr/bin/cmake /home/moses/Moses/Research/Current/Institute of Science Tokyo/acoustic-robotics/Acoustic-Guided Robot Navigation Active Search and Localization of Occluded Objects in Indoor Environments/ros2_ws/src/acoustic_msgs -DCMAKE_INSTALL_PREFIX=/home/moses/Moses/Research/Current/Institute of Science Tokyo/acoustic-robotics/Acoustic-Guided Robot Navigation Active Search and Localization of Occluded Objects in Indoor Environments/ros2_ws/install/acoustic_msgs
[3.025s] Invoking command in '/home/moses/Moses/Research/Current/Institute of Science Tokyo/acoustic-robotics/Acoustic-Guided Robot Navigation Active Search and Localization of Occluded Objects in Indoor Environments/ros2_ws/build/acoustic_msgs': CMAKE_PREFIX_PATH=/opt/ros/humble /usr/bin/cmake --build /home/moses/Moses/Research/Current/Institute of Science Tokyo/acoustic-robotics/Acoustic-Guided Robot Navigation Active Search and Localization of Occluded Objects in Indoor Environments/ros2_ws/build/acoustic_msgs -- -j20 -l20
[3.093s] Invoked command in '/home/moses/Moses/Research/Current/Institute of Science Tokyo/acoustic-robotics/Acoustic-Guided Robot Navigation Active Search and Localization of Occluded Objects in Indoor Environments/ros2_ws/build/acoustic_msgs' returned '0': CMAKE_PREFIX_PATH=/opt/ros/humble /usr/bin/cmake --build /home/moses/Moses/Research/Current/Institute of Science Tokyo/acoustic-robotics/Acoustic-Guided Robot Navigation Active Search and Localization of Occluded Objects in Indoor Environments/ros2_ws/build/acoustic_msgs -- -j20 -l20
[3.095s] Invoking command in '/home/moses/Moses/Research/Current/Institute of Science Tokyo/acoustic-robotics/Acoustic-Guided Robot Navigation Active Search and Localization of Occluded Objects in Indoor Environments/ros2_ws/build/acoustic_msgs': CMAKE_PREFIX_PATH=/opt/ros/humble /usr/bin/cmake --install /home/moses/Moses/Research/Current/Institute of Science Tokyo/acoustic-robotics/Acoustic-Guided Robot Navigation Active Search and Localization of Occluded Objects in Indoor Environments/ros2_ws/build/acoustic_msgs
[3.109s] -- Install configuration: ""
[3.111s] -- Installing: /home/moses/Moses/Research/Current/Institute of Science Tokyo/acoustic-robotics/Acoustic-Guided Robot Navigation Active Search and Localization of Occluded Objects in Indoor Environments/ros2_ws/install/acoustic_msgs/share/ament_index/resource_index/package_run_dependencies/acoustic_msgs
[3.112s] -- Installing: /home/moses/Moses/Research/Current/Institute of Science Tokyo/acoustic-robotics/Acoustic-Guided Robot Navigation Active Search and Localization of Occluded Objects in Indoor Environments/ros2_ws/install/acoustic_msgs/share/ament_index/resource_index/parent_prefix_path/acoustic_msgs
[3.112s] -- Installing: /home/moses/Moses/Research/Current/Institute of Science Tokyo/acoustic-robotics/Acoustic-Guided Robot Navigation Active Search and Localization of Occluded Objects in Indoor Environments/ros2_ws/install/acoustic_msgs/share/acoustic_msgs/environment/ament_prefix_path.sh
[3.113s] -- Installing: /home/moses/Moses/Research/Current/Institute of Science Tokyo/acoustic-robotics/Acoustic-Guided Robot Navigation Active Search and Localization of Occluded Objects in Indoor Environments/ros2_ws/install/acoustic_msgs/share/acoustic_msgs/environment/ament_prefix_path.dsv
[3.113s] -- Installing: /home/moses/Moses/Research/Current/Institute of Science Tokyo/acoustic-robotics/Acoustic-Guided Robot Navigation Active Search and Localization of Occluded Objects in Indoor Environments/ros2_ws/install/acoustic_msgs/share/acoustic_msgs/environment/path.sh
[3.115s] -- Installing: /home/moses/Moses/Research/Current/Institute of Science Tokyo/acoustic-robotics/Acoustic-Guided Robot Navigation Active Search and Localization of Occluded Objects in Indoor Environments/ros2_ws/install/acoustic_msgs/share/acoustic_msgs/environment/path.dsv
[3.115s] -- Installing: /home/moses/Moses/Research/Current/Institute of Science Tokyo/acoustic-robotics/Acoustic-Guided Robot Navigation Active Search and Localization of Occluded Objects in Indoor Environments/ros2_ws/install/acoustic_msgs/share/acoustic_msgs/local_setup.bash
[3.116s] -- Installing: /home/moses/Moses/Research/Current/Institute of Science Tokyo/acoustic-robotics/Acoustic-Guided Robot Navigation Active Search and Localization of Occluded Objects in Indoor Environments/ros2_ws/install/acoustic_msgs/share/acoustic_msgs/local_setup.sh
[3.116s] -- Installing: /home/moses/Moses/Research/Current/Institute of Science Tokyo/acoustic-robotics/Acoustic-Guided Robot Navigation Active Search and Localization of Occluded Objects in Indoor Environments/ros2_ws/install/acoustic_msgs/share/acoustic_msgs/local_setup.zsh
[3.116s] -- Installing: /home/moses/Moses/Research/Current/Institute of Science Tokyo/acoustic-robotics/Acoustic-Guided Robot Navigation Active Search and Localization of Occluded Objects in Indoor Environments/ros2_ws/install/acoustic_msgs/share/acoustic_msgs/local_setup.dsv
[3.116s] -- Installing: /home/moses/Moses/Research/Current/Institute of Science Tokyo/acoustic-robotics/Acoustic-Guided Robot Navigation Active Search and Localization of Occluded Objects in Indoor Environments/ros2_ws/install/acoustic_msgs/share/acoustic_msgs/package.dsv
[3.116s] -- Installing: /home/moses/Moses/Research/Current/Institute of Science Tokyo/acoustic-robotics/Acoustic-Guided Robot Navigation Active Search and Localization of Occluded Objects in Indoor Environments/ros2_ws/install/acoustic_msgs/share/ament_index/resource_index/packages/acoustic_msgs
[3.117s] -- Installing: /home/moses/Moses/Research/Current/Institute of Science Tokyo/acoustic-robotics/Acoustic-Guided Robot Navigation Active Search and Localization of Occluded Objects in Indoor Environments/ros2_ws/install/acoustic_msgs/share/acoustic_msgs/cmake/acoustic_msgsConfig.cmake
[3.117s] -- Installing: /home/moses/Moses/Research/Current/Institute of Science Tokyo/acoustic-robotics/Acoustic-Guided Robot Navigation Active Search and Localization of Occluded Objects in Indoor Environments/ros2_ws/install/acoustic_msgs/share/acoustic_msgs/cmake/acoustic_msgsConfig-version.cmake
[3.118s] -- Installing: /home/moses/Moses/Research/Current/Institute of Science Tokyo/acoustic-robotics/Acoustic-Guided Robot Navigation Active Search and Localization of Occluded Objects in Indoor Environments/ros2_ws/install/acoustic_msgs/share/acoustic_msgs/package.xml
[3.156s] Invoked command in '/home/moses/Moses/Research/Current/Institute of Science Tokyo/acoustic-robotics/Acoustic-Guided Robot Navigation Active Search and Localization of Occluded Objects in Indoor Environments/ros2_ws/build/acoustic_msgs' returned '0': CMAKE_PREFIX_PATH=/opt/ros/humble /usr/bin/cmake --install /home/moses/Moses/Research/Current/Institute of Science Tokyo/acoustic-robotics/Acoustic-Guided Robot Navigation Active Search and Localization of Occluded Objects in Indoor Environments/ros2_ws/build/acoustic_msgs
