[0.045s] Invoking command in '/home/moses/Moses/Research/Current/Institute of Science Tokyo/acoustic-robotics/Acoustic-Guided Robot Navigation Active Search and Localization of Occluded Objects in Indoor Environments/ros2_ws/build/active_search': CMAKE_PREFIX_PATH=/opt/ros/humble /usr/bin/cmake /home/moses/Moses/Research/Current/Institute of Science Tokyo/acoustic-robotics/Acoustic-Guided Robot Navigation Active Search and Localization of Occluded Objects in Indoor Environments/ros2_ws/src/active_search -DCMAKE_INSTALL_PREFIX=/home/moses/Moses/Research/Current/Institute of Science Tokyo/acoustic-robotics/Acoustic-Guided Robot Navigation Active Search and Localization of Occluded Objects in Indoor Environments/ros2_ws/install/active_search
[1.284s] -- The C compiler identification is Clang 18.1.8
[1.524s] -- The CXX compiler identification is Clang 18.1.8
[1.543s] -- Detecting C compiler ABI info
[1.759s] -- Detecting C compiler ABI info - done
[1.776s] -- Check for working C compiler: /usr/bin/clang-18 - skipped
[1.778s] -- Detecting C compile features
[1.779s] -- Detecting C compile features - done
[1.786s] -- Detecting CXX compiler ABI info
[2.160s] -- Detecting CXX compiler ABI info - done
[2.178s] -- Check for working CXX compiler: /usr/bin/clang++-18 - skipped
[2.179s] -- Detecting CXX compile features
[2.181s] -- Detecting CXX compile features - done
[2.188s] -- Found ament_cmake: 1.3.11 (/opt/ros/humble/share/ament_cmake/cmake)
[2.562s] -- Found Python3: /usr/bin/python3 (found version "3.10.12") found components: Interpreter 
[2.848s] -- Found ament_lint_auto: 0.12.12 (/opt/ros/humble/share/ament_lint_auto/cmake)
[2.959s] -- Added test 'lint_cmake' to check CMake code style
[2.960s] -- Added test 'xmllint' to check XML markup files
[2.961s] -- Configuring done
[2.965s] -- Generating done
[2.968s] -- Build files have been written to: /home/moses/Moses/Research/Current/Institute of Science Tokyo/acoustic-robotics/Acoustic-Guided Robot Navigation Active Search and Localization of Occluded Objects in Indoor Environments/ros2_ws/build/active_search
[2.978s] Invoked command in '/home/moses/Moses/Research/Current/Institute of Science Tokyo/acoustic-robotics/Acoustic-Guided Robot Navigation Active Search and Localization of Occluded Objects in Indoor Environments/ros2_ws/build/active_search' returned '0': CMAKE_PREFIX_PATH=/opt/ros/humble /usr/bin/cmake /home/moses/Moses/Research/Current/Institute of Science Tokyo/acoustic-robotics/Acoustic-Guided Robot Navigation Active Search and Localization of Occluded Objects in Indoor Environments/ros2_ws/src/active_search -DCMAKE_INSTALL_PREFIX=/home/moses/Moses/Research/Current/Institute of Science Tokyo/acoustic-robotics/Acoustic-Guided Robot Navigation Active Search and Localization of Occluded Objects in Indoor Environments/ros2_ws/install/active_search
[2.980s] Invoking command in '/home/moses/Moses/Research/Current/Institute of Science Tokyo/acoustic-robotics/Acoustic-Guided Robot Navigation Active Search and Localization of Occluded Objects in Indoor Environments/ros2_ws/build/active_search': CMAKE_PREFIX_PATH=/opt/ros/humble /usr/bin/cmake --build /home/moses/Moses/Research/Current/Institute of Science Tokyo/acoustic-robotics/Acoustic-Guided Robot Navigation Active Search and Localization of Occluded Objects in Indoor Environments/ros2_ws/build/active_search -- -j20 -l20
[3.054s] Invoked command in '/home/moses/Moses/Research/Current/Institute of Science Tokyo/acoustic-robotics/Acoustic-Guided Robot Navigation Active Search and Localization of Occluded Objects in Indoor Environments/ros2_ws/build/active_search' returned '0': CMAKE_PREFIX_PATH=/opt/ros/humble /usr/bin/cmake --build /home/moses/Moses/Research/Current/Institute of Science Tokyo/acoustic-robotics/Acoustic-Guided Robot Navigation Active Search and Localization of Occluded Objects in Indoor Environments/ros2_ws/build/active_search -- -j20 -l20
[3.056s] Invoking command in '/home/moses/Moses/Research/Current/Institute of Science Tokyo/acoustic-robotics/Acoustic-Guided Robot Navigation Active Search and Localization of Occluded Objects in Indoor Environments/ros2_ws/build/active_search': CMAKE_PREFIX_PATH=/opt/ros/humble /usr/bin/cmake --install /home/moses/Moses/Research/Current/Institute of Science Tokyo/acoustic-robotics/Acoustic-Guided Robot Navigation Active Search and Localization of Occluded Objects in Indoor Environments/ros2_ws/build/active_search
[3.067s] -- Install configuration: ""
[3.067s] -- Installing: /home/moses/Moses/Research/Current/Institute of Science Tokyo/acoustic-robotics/Acoustic-Guided Robot Navigation Active Search and Localization of Occluded Objects in Indoor Environments/ros2_ws/install/active_search/share/ament_index/resource_index/package_run_dependencies/active_search
[3.067s] -- Installing: /home/moses/Moses/Research/Current/Institute of Science Tokyo/acoustic-robotics/Acoustic-Guided Robot Navigation Active Search and Localization of Occluded Objects in Indoor Environments/ros2_ws/install/active_search/share/ament_index/resource_index/parent_prefix_path/active_search
[3.067s] -- Installing: /home/moses/Moses/Research/Current/Institute of Science Tokyo/acoustic-robotics/Acoustic-Guided Robot Navigation Active Search and Localization of Occluded Objects in Indoor Environments/ros2_ws/install/active_search/share/active_search/environment/ament_prefix_path.sh
[3.067s] -- Installing: /home/moses/Moses/Research/Current/Institute of Science Tokyo/acoustic-robotics/Acoustic-Guided Robot Navigation Active Search and Localization of Occluded Objects in Indoor Environments/ros2_ws/install/active_search/share/active_search/environment/ament_prefix_path.dsv
[3.067s] -- Installing: /home/moses/Moses/Research/Current/Institute of Science Tokyo/acoustic-robotics/Acoustic-Guided Robot Navigation Active Search and Localization of Occluded Objects in Indoor Environments/ros2_ws/install/active_search/share/active_search/environment/path.sh
[3.067s] -- Installing: /home/moses/Moses/Research/Current/Institute of Science Tokyo/acoustic-robotics/Acoustic-Guided Robot Navigation Active Search and Localization of Occluded Objects in Indoor Environments/ros2_ws/install/active_search/share/active_search/environment/path.dsv
[3.067s] -- Installing: /home/moses/Moses/Research/Current/Institute of Science Tokyo/acoustic-robotics/Acoustic-Guided Robot Navigation Active Search and Localization of Occluded Objects in Indoor Environments/ros2_ws/install/active_search/share/active_search/local_setup.bash
[3.068s] -- Installing: /home/moses/Moses/Research/Current/Institute of Science Tokyo/acoustic-robotics/Acoustic-Guided Robot Navigation Active Search and Localization of Occluded Objects in Indoor Environments/ros2_ws/install/active_search/share/active_search/local_setup.sh
[3.068s] -- Installing: /home/moses/Moses/Research/Current/Institute of Science Tokyo/acoustic-robotics/Acoustic-Guided Robot Navigation Active Search and Localization of Occluded Objects in Indoor Environments/ros2_ws/install/active_search/share/active_search/local_setup.zsh
[3.068s] -- Installing: /home/moses/Moses/Research/Current/Institute of Science Tokyo/acoustic-robotics/Acoustic-Guided Robot Navigation Active Search and Localization of Occluded Objects in Indoor Environments/ros2_ws/install/active_search/share/active_search/local_setup.dsv
[3.068s] -- Installing: /home/moses/Moses/Research/Current/Institute of Science Tokyo/acoustic-robotics/Acoustic-Guided Robot Navigation Active Search and Localization of Occluded Objects in Indoor Environments/ros2_ws/install/active_search/share/active_search/package.dsv
[3.069s] -- Installing: /home/moses/Moses/Research/Current/Institute of Science Tokyo/acoustic-robotics/Acoustic-Guided Robot Navigation Active Search and Localization of Occluded Objects in Indoor Environments/ros2_ws/install/active_search/share/ament_index/resource_index/packages/active_search
[3.069s] -- Installing: /home/moses/Moses/Research/Current/Institute of Science Tokyo/acoustic-robotics/Acoustic-Guided Robot Navigation Active Search and Localization of Occluded Objects in Indoor Environments/ros2_ws/install/active_search/share/active_search/cmake/active_searchConfig.cmake
[3.069s] -- Installing: /home/moses/Moses/Research/Current/Institute of Science Tokyo/acoustic-robotics/Acoustic-Guided Robot Navigation Active Search and Localization of Occluded Objects in Indoor Environments/ros2_ws/install/active_search/share/active_search/cmake/active_searchConfig-version.cmake
[3.070s] -- Installing: /home/moses/Moses/Research/Current/Institute of Science Tokyo/acoustic-robotics/Acoustic-Guided Robot Navigation Active Search and Localization of Occluded Objects in Indoor Environments/ros2_ws/install/active_search/share/active_search/package.xml
[3.078s] Invoked command in '/home/moses/Moses/Research/Current/Institute of Science Tokyo/acoustic-robotics/Acoustic-Guided Robot Navigation Active Search and Localization of Occluded Objects in Indoor Environments/ros2_ws/build/active_search' returned '0': CMAKE_PREFIX_PATH=/opt/ros/humble /usr/bin/cmake --install /home/moses/Moses/Research/Current/Institute of Science Tokyo/acoustic-robotics/Acoustic-Guided Robot Navigation Active Search and Localization of Occluded Objects in Indoor Environments/ros2_ws/build/active_search
